<?xml version="1.0" encoding="UTF-8" ?>
<testsuite errors="0" failures="0" hostname="DESKTOP-1BB2U3H" name="ca.mcgill.ecse321.tamas.application.AllTests" skipped="0" tests="87" time="1.218" timestamp="2017-04-09T23:45:40">
  <properties>
    <property name="java.vendor" value="Oracle Corporation" />
    <property name="env.USERDOMAIN_ROAMINGPROFILE" value="DESKTOP-1BB2U3H" />
    <property name="sun.java.launcher" value="SUN_STANDARD" />
    <property name="eclipse.pdebuild.templates" value="/C:/Users/Danie/Desktop/eclipse-modeling-neon-2-win32-x86_64/eclipse/plugins/org.eclipse.pde.build_3.9.200.v20160204-0642/templates/" />
    <property name="sun.management.compiler" value="HotSpot 64-Bit Tiered Compilers" />
    <property name="env.PROMPT" value="$P$G" />
    <property name="os.name" value="Windows 10" />
    <property name="sun.boot.class.path" value="C:\Program Files\Java\jre1.8.0_101\lib\resources.jar;C:\Program Files\Java\jre1.8.0_101\lib\rt.jar;C:\Program Files\Java\jre1.8.0_101\lib\sunrsasign.jar;C:\Program Files\Java\jre1.8.0_101\lib\jsse.jar;C:\Program Files\Java\jre1.8.0_101\lib\jce.jar;C:\Program Files\Java\jre1.8.0_101\lib\charsets.jar;C:\Program Files\Java\jre1.8.0_101\lib\jfr.jar;C:\Program Files\Java\jre1.8.0_101\classes" />
    <property name="env.COMPUTERNAME" value="DESKTOP-1BB2U3H" />
    <property name="env.CommonProgramW6432" value="C:\Program Files\Common Files" />
    <property name="env.ALLUSERSPROFILE" value="C:\ProgramData" />
    <property name="sun.desktop" value="windows" />
    <property name="java.vm.specification.vendor" value="Oracle Corporation" />
    <property name="ant.home" value="C:\Users\Danie\Desktop\eclipse-modeling-neon-2-win32-x86_64\eclipse\plugins\org.apache.ant_1.9.6.v201510161327" />
    <property name="jar.dir" value="bin/jar" />
    <property name="java.runtime.version" value="1.8.0_101-b13" />
    <property name="env.HOMEPATH" value="\Users\Danie" />
    <property name="user.name" value="Danie" />
    <property name="user.language" value="en" />
    <property name="sun.boot.library.path" value="C:\Program Files\Java\jre1.8.0_101\bin" />
    <property name="ant.project.default-target" value="main" />
    <property name="ant.project.name" value="TamasApplication" />
    <property name="java.version" value="1.8.0_101" />
    <property name="env.PROCESSOR_IDENTIFIER" value="Intel64 Family 6 Model 94 Stepping 3, GenuineIntel" />
    <property name="user.timezone" value="" />
    <property name="env.asl.log" value="Destination=file" />
    <property name="env.TEMP" value="C:\Users\Danie\AppData\Local\Temp" />
    <property name="sun.arch.data.model" value="64" />
    <property name="java.endorsed.dirs" value="C:\Program Files\Java\jre1.8.0_101\lib\endorsed" />
    <property name="sun.cpu.isalist" value="amd64" />
    <property name="env.HOMEDRIVE" value="C:" />
    <property name="sun.jnu.encoding" value="Cp1252" />
    <property name="file.encoding.pkg" value="sun.io" />
    <property name="ECLIPSE_HOME" value="../../eclipse-modeling-neon-2-win32-x86_64/eclipse/" />
    <property name="file.separator" value="\" />
    <property name="java.specification.name" value="Java Platform API Specification" />
    <property name="java.class.version" value="52.0" />
    <property name="user.country" value="CA" />
    <property name="java.home" value="C:\Program Files\Java\jre1.8.0_101" />
    <property name="env.PSModulePath" value="C:\Program Files\WindowsPowerShell\Modules;C:\Windows\system32\WindowsPowerShell\v1.0\Modules" />
    <property name="env.APPDATA" value="C:\Users\Danie\AppData\Roaming" />
    <property name="env.PUBLIC" value="C:\Users\Public" />
    <property name="java.vm.info" value="mixed mode" />
    <property name="env.ComSpec" value="C:\Windows\system32\cmd.exe" />
    <property name="env.OS" value="Windows_NT" />
    <property name="env.CommonProgramFiles" value="C:\Program Files\Common Files" />
    <property name="ant.file" value="C:\Users\Danie\Desktop\workspace2\TamasApplication\antfile.xml" />
    <property name="os.version" value="10.0" />
    <property name="env.ProgramW6432" value="C:\Program Files" />
    <property name="path.separator" value=";" />
    <property name="java.vm.version" value="25.101-b13" />
    <property name="user.variant" value="" />
    <property name="env.USERPROFILE" value="C:\Users\Danie" />
    <property name="ant.library.dir" value="C:\Users\Danie\Desktop\eclipse-modeling-neon-2-win32-x86_64\eclipse\plugins\org.apache.ant_1.9.6.v201510161327\lib" />
    <property name="junit.output.dir" value="junit" />
    <property name="java.awt.printerjob" value="sun.awt.windows.WPrinterJob" />
    <property name="ant.file.TamasApplication" value="C:\Users\Danie\Desktop\workspace2\TamasApplication\build.xml" />
    <property name="env.TMP" value="C:\Users\Danie\AppData\Local\Temp" />
    <property name="env.FPS_BROWSER_USER_PROFILE_STRING" value="Default" />
    <property name="sun.io.unicode.encoding" value="UnicodeLittle" />
    <property name="awt.toolkit" value="sun.awt.windows.WToolkit" />
    <property name="user.script" value="" />
    <property name="eclipse.pdebuild.scripts" value="/C:/Users/Danie/Desktop/eclipse-modeling-neon-2-win32-x86_64/eclipse/plugins/org.eclipse.pde.build_3.9.200.v20160204-0642/scripts/" />
    <property name="user.home" value="C:\Users\Danie" />
    <property name="target" value="1.7" />
    <property name="env.ProgramData" value="C:\ProgramData" />
    <property name="env.SESSIONNAME" value="Console" />
    <property name="env.ProgramFiles(x86)" value="C:\Program Files (x86)" />
    <property name="java.specification.vendor" value="Oracle Corporation" />
    <property name="mainApplication" value="ca.mcgill.ecse321.tamas.application.DesktopApplication" />
    <property name="java.vendor.url" value="http://java.oracle.com/" />
    <property name="java.library.path" value="C:\Program Files\Java\jre1.8.0_101\bin;C:\Windows\Sun\Java\bin;C:\Windows\system32;C:\Windows;C:/Program Files/Java/jre1.8.0_101/bin/server;C:/Program Files/Java/jre1.8.0_101/bin;C:/Program Files/Java/jre1.8.0_101/lib/amd64;C:\ProgramData\Oracle\Java\javapath;C:\Program Files (x86)\Intel\iCLS Client\;C:\Program Files\Intel\iCLS Client\;C:\Windows\system32;C:\Windows;C:\Windows\System32\Wbem;C:\Windows\System32\WindowsPowerShell\v1.0\;C:\Program Files (x86)\Intel\Intel(R) Management Engine Components\DAL;C:\Program Files\Intel\Intel(R) Management Engine Components\DAL;C:\Program Files (x86)\Intel\Intel(R) Management Engine Components\IPT;C:\Program Files\Intel\Intel(R) Management Engine Components\IPT;C:\Program Files (x86)\NVIDIA Corporation\PhysX\Common;C:\Program Files\Git\cmd;C:\Program Files\nodejs\;C:\Program Files (x86)\Skype\Phone\;C:\Program Files\Intel\WiFi\bin\;C:\Program Files\Common Files\Intel\WirelessCommon\;C:\Users\Danie\AppData\Local\Microsoft\WindowsApps;C:\Users\Danie\AppData\Local\atom\bin;C:\Users\Danie\AppData\Roaming\npm;C:\Users\Danie\Desktop\eclipse-modeling-neon-2-win32-x86_64\eclipse;;." />
    <property name="env.NUMBER_OF_PROCESSORS" value="8" />
    <property name="java.vm.vendor" value="Oracle Corporation" />
    <property name="java.runtime.name" value="Java(TM) SE Runtime Environment" />
    <property name="ant.version" value="Apache Ant(TM) version 1.9.6 compiled on June 29 2015" />
    <property name="sun.java.command" value="org.apache.tools.ant.taskdefs.optional.junit.JUnitTestRunner ca.mcgill.ecse321.tamas.application.AllTests skipNonTests=false filtertrace=true haltOnError=false haltOnFailure=true formatter=org.apache.tools.ant.taskdefs.optional.junit.SummaryJUnitResultFormatter showoutput=false outputtoformatters=true logfailedtests=true threadid=0 logtestlistenerevents=false formatter=org.apache.tools.ant.taskdefs.optional.junit.XMLJUnitResultFormatter,C:\Users\Danie\Desktop\workspace2\TamasApplication\test\reports\TEST-ca.mcgill.ecse321.tamas.application.AllTests.xml crashfile=C:\Users\Danie\Desktop\workspace2\TamasApplication\junitvmwatcher5744251175414692808.properties propsfile=C:\Users\Danie\Desktop\workspace2\TamasApplication\junit2862930953519293858.properties" />
    <property name="java.class.path" value="C:\Users\Danie\Desktop\workspace2\TamasApplication\bin;C:\Users\Danie\Desktop\eclipse-modeling-neon-2-win32-x86_64\eclipse\plugins\org.junit_4.12.0.v201504281640\junit.jar;C:\Users\Danie\Desktop\eclipse-modeling-neon-2-win32-x86_64\eclipse\plugins\org.hamcrest.core_1.3.0.v201303031735.jar;C:\Users\Danie\Desktop\workspace2\TamasApplication\lib\jdatepicker-1.3.4.jar;C:\Users\Danie\Desktop\workspace2\TamasApplication\lib\xmlpull-1.1.3.1.jar;C:\Users\Danie\Desktop\workspace2\TamasApplication\lib\xpp3_min-1.1.4c.jar;C:\Users\Danie\Desktop\workspace2\TamasApplication\lib\xstream-1.4.7.jar;C:\Users\Danie\Desktop\eclipse-modeling-neon-2-win32-x86_64\eclipse\plugins\org.apache.ant_1.9.6.v201510161327\lib\ant-launcher.jar;C:\Users\Danie\Desktop\eclipse-modeling-neon-2-win32-x86_64\eclipse\plugins\org.apache.ant_1.9.6.v201510161327\lib\ant.jar;C:\Users\Danie\Desktop\eclipse-modeling-neon-2-win32-x86_64\eclipse\plugins\org.apache.ant_1.9.6.v201510161327\lib\ant-junit.jar;C:\Users\Danie\Desktop\eclipse-modeling-neon-2-win32-x86_64\eclipse\plugins\org.apache.ant_1.9.6.v201510161327\lib\ant-junit4.jar" />
    <property name="builddir" value="bin" />
    <property name="java.vm.specification.name" value="Java Virtual Machine Specification" />
    <property name="env.LOGONSERVER" value="\\DESKTOP-1BB2U3H" />
    <property name="env.windir" value="C:\Windows" />
    <property name="env.PROCESSOR_ARCHITECTURE" value="AMD64" />
    <property name="java.vm.specification.version" value="1.8" />
    <property name="sun.os.patch.level" value="" />
    <property name="sun.cpu.endian" value="little" />
    <property name="debuglevel" value="source,lines,vars" />
    <property name="env.OneDrive" value="C:\Users\Danie\OneDrive" />
    <property name="env.ProgramFiles" value="C:\Program Files" />
    <property name="env.ANT_HOME" value="C:\Users\Danie\Desktop\eclipse-modeling-neon-2-win32-x86_64\eclipse\plugins\org.apache.ant_1.9.6.v201510161327" />
    <property name="env.PROCESSOR_REVISION" value="5e03" />
    <property name="eclipse.pdebuild.home" value="/C:/Users/Danie/Desktop/eclipse-modeling-neon-2-win32-x86_64/eclipse/plugins/org.eclipse.pde.build_3.9.200.v20160204-0642/./" />
    <property name="java.io.tmpdir" value="C:\Users\Danie\AppData\Local\Temp\" />
    <property name="env.CommonProgramFiles(x86)" value="C:\Program Files (x86)\Common Files" />
    <property name="java.vendor.url.bug" value="http://bugreport.sun.com/bugreport/" />
    <property name="env.SystemRoot" value="C:\Windows" />
    <property name="ant.file.type.TamasApplication" value="file" />
    <property name="env.FPS_BROWSER_APP_PROFILE_STRING" value="Internet Explorer" />
    <property name="os.arch" value="amd64" />
    <property name="java.awt.graphicsenv" value="sun.awt.Win32GraphicsEnvironment" />
    <property name="java.ext.dirs" value="C:\Program Files\Java\jre1.8.0_101\lib\ext;C:\Windows\Sun\Java\lib\ext" />
    <property name="user.dir" value="C:\Users\Danie\Desktop\workspace2\TamasApplication" />
    <property name="env.LOCALAPPDATA" value="C:\Users\Danie\AppData\Local" />
    <property name="line.separator" value="&#xd;&#xa;" />
    <property name="java.vm.name" value="Java HotSpot(TM) 64-Bit Server VM" />
    <property name="env.PATHEXT" value=".COM;.EXE;.BAT;.CMD;.VBS;.VBE;.JS;.JSE;.WSF;.WSH;.MSC" />
    <property name="env.Path" value="C:/Program Files/Java/jre1.8.0_101/bin/server;C:/Program Files/Java/jre1.8.0_101/bin;C:/Program Files/Java/jre1.8.0_101/lib/amd64;C:\ProgramData\Oracle\Java\javapath;C:\Program Files (x86)\Intel\iCLS Client\;C:\Program Files\Intel\iCLS Client\;C:\Windows\system32;C:\Windows;C:\Windows\System32\Wbem;C:\Windows\System32\WindowsPowerShell\v1.0\;C:\Program Files (x86)\Intel\Intel(R) Management Engine Components\DAL;C:\Program Files\Intel\Intel(R) Management Engine Components\DAL;C:\Program Files (x86)\Intel\Intel(R) Management Engine Components\IPT;C:\Program Files\Intel\Intel(R) Management Engine Components\IPT;C:\Program Files (x86)\NVIDIA Corporation\PhysX\Common;C:\Program Files\Git\cmd;C:\Program Files\nodejs\;C:\Program Files (x86)\Skype\Phone\;C:\Program Files\Intel\WiFi\bin\;C:\Program Files\Common Files\Intel\WirelessCommon\;C:\Users\Danie\AppData\Local\Microsoft\WindowsApps;C:\Users\Danie\AppData\Local\atom\bin;C:\Users\Danie\AppData\Roaming\npm;C:\Users\Danie\Desktop\eclipse-modeling-neon-2-win32-x86_64\eclipse;" />
    <property name="basedir" value="C:\Users\Danie\Desktop\workspace2\TamasApplication" />
    <property name="ant.java.version" value="1.8" />
    <property name="reportdirectorytest" value="test/reports" />
    <property name="ant.core.lib" value="C:\Users\Danie\Desktop\eclipse-modeling-neon-2-win32-x86_64\eclipse\plugins\org.apache.ant_1.9.6.v201510161327\lib\ant.jar" />
    <property name="env.USERNAME" value="Danie" />
    <property name="source" value="1.7" />
    <property name="env.SystemDrive" value="C:" />
    <property name="file.encoding" value="Cp1252" />
    <property name="env.USERDOMAIN" value="DESKTOP-1BB2U3H" />
    <property name="java.specification.version" value="1.8" />
    <property name="testDirectory" value="test" />
    <property name="ant.project.invoked-targets" value="main" />
    <property name="env.PROCESSOR_LEVEL" value="6" />
  </properties>
  <testcase classname="ca.mcgill.ecse321.tamas.controller.DepartmentControllerTest" name="testNullInstructor" time="0.031" />
  <testcase classname="ca.mcgill.ecse321.tamas.controller.DepartmentControllerTest" name="hireStudentInitialDepTestSuccess" time="0.094" />
  <testcase classname="ca.mcgill.ecse321.tamas.controller.DepartmentControllerTest" name="testPostJobTooMany" time="0.015" />
  <testcase classname="ca.mcgill.ecse321.tamas.controller.DepartmentControllerTest" name="testCreateStudentSuccess" time="0.016" />
  <testcase classname="ca.mcgill.ecse321.tamas.controller.DepartmentControllerTest" name="testInvalidGradWage" time="0.0" />
  <testcase classname="ca.mcgill.ecse321.tamas.controller.DepartmentControllerTest" name="testCreateAJobSuccess" time="0.016" />
  <testcase classname="ca.mcgill.ecse321.tamas.controller.DepartmentControllerTest" name="testCreateAJobCourseDuplicate" time="0.0" />
  <testcase classname="ca.mcgill.ecse321.tamas.controller.DepartmentControllerTest" name="testCreateAJobNoBudget" time="0.0" />
  <testcase classname="ca.mcgill.ecse321.tamas.controller.DepartmentControllerTest" name="approveAllAllocationsSuccess" time="0.0" />
  <testcase classname="ca.mcgill.ecse321.tamas.controller.DepartmentControllerTest" name="testInvalidPosition" time="0.0" />
  <testcase classname="ca.mcgill.ecse321.tamas.controller.DepartmentControllerTest" name="testNullStartAddJobPosting" time="0.0" />
  <testcase classname="ca.mcgill.ecse321.tamas.controller.DepartmentControllerTest" name="testStartEqualsEndAddJobPosting" time="0.0" />
  <testcase classname="ca.mcgill.ecse321.tamas.controller.DepartmentControllerTest" name="initialAllocationStudentNull" time="0.0" />
  <testcase classname="ca.mcgill.ecse321.tamas.controller.DepartmentControllerTest" name="testGetApprovedStudentNullCourse" time="0.0" />
  <testcase classname="ca.mcgill.ecse321.tamas.controller.DepartmentControllerTest" name="getJobPostingTestSuccess" time="0.0" />
  <testcase classname="ca.mcgill.ecse321.tamas.controller.DepartmentControllerTest" name="initialAllocationDateNull" time="0.0" />
  <testcase classname="ca.mcgill.ecse321.tamas.controller.DepartmentControllerTest" name="testDeadlineAfterStartOrEndAddJobPosting" time="0.0" />
  <testcase classname="ca.mcgill.ecse321.tamas.controller.DepartmentControllerTest" name="testCreateStudentEmpty" time="0.0" />
  <testcase classname="ca.mcgill.ecse321.tamas.controller.DepartmentControllerTest" name="testAllGetters" time="0.0" />
  <testcase classname="ca.mcgill.ecse321.tamas.controller.DepartmentControllerTest" name="initialAllocationSuccess" time="0.0" />
  <testcase classname="ca.mcgill.ecse321.tamas.controller.DepartmentControllerTest" name="approveFinalAllocationSuccess" time="0.016" />
  <testcase classname="ca.mcgill.ecse321.tamas.controller.DepartmentControllerTest" name="testCreateStudentNull" time="0.0" />
  <testcase classname="ca.mcgill.ecse321.tamas.controller.DepartmentControllerTest" name="testGetApprovedStudentSuccess" time="0.0" />
  <testcase classname="ca.mcgill.ecse321.tamas.controller.DepartmentControllerTest" name="testStartAfterEndAddJobPosting" time="0.0" />
  <testcase classname="ca.mcgill.ecse321.tamas.controller.DepartmentControllerTest" name="testNullDeadlineAddJobPosting" time="0.0" />
  <testcase classname="ca.mcgill.ecse321.tamas.controller.DepartmentControllerTest" name="initialAllocationStudentNotRegistered" time="0.0" />
  <testcase classname="ca.mcgill.ecse321.tamas.controller.DepartmentControllerTest" name="approveFinalAllocationNoReg" time="0.0" />
  <testcase classname="ca.mcgill.ecse321.tamas.controller.DepartmentControllerTest" name="testEmptyDescriptionAddJobPosting" time="0.0" />
  <testcase classname="ca.mcgill.ecse321.tamas.controller.DepartmentControllerTest" name="testInvalidHours" time="0.0" />
  <testcase classname="ca.mcgill.ecse321.tamas.controller.DepartmentControllerTest" name="testInvalidUGradWage" time="0.0" />
  <testcase classname="ca.mcgill.ecse321.tamas.controller.DepartmentControllerTest" name="inialAllocationDateError" time="0.015" />
  <testcase classname="ca.mcgill.ecse321.tamas.controller.DepartmentControllerTest" name="testCreateAJobIDNull" time="0.0" />
  <testcase classname="ca.mcgill.ecse321.tamas.controller.DepartmentControllerTest" name="testNullEndAddJobPosting" time="0.0" />
  <testcase classname="ca.mcgill.ecse321.tamas.controller.DepartmentControllerTest" name="testPostJobSuccess" time="0.016" />
  <testcase classname="ca.mcgill.ecse321.tamas.controller.DepartmentControllerTest" name="initalAllocationJobNull" time="0.0" />
  <testcase classname="ca.mcgill.ecse321.tamas.controller.DepartmentControllerTest" name="testNoInstructorAddJobPosting" time="0.0" />
  <testcase classname="ca.mcgill.ecse321.tamas.persistence.TestPersistence" name="test" time="0.047" />
  <testcase classname="ca.mcgill.ecse321.tamas.controller.StudentDepartmentControllerTest" name="testAcceptJobOfferNotStudentsJob" time="0.015" />
  <testcase classname="ca.mcgill.ecse321.tamas.controller.StudentDepartmentControllerTest" name="testViewOwnEvaluationsNoEvaluations" time="0.0" />
  <testcase classname="ca.mcgill.ecse321.tamas.controller.StudentDepartmentControllerTest" name="testAcceptJobOfferJobIsNotOffered" time="0.0" />
  <testcase classname="ca.mcgill.ecse321.tamas.controller.StudentDepartmentControllerTest" name="testViewOwnEvaluationsSuccess" time="0.0" />
  <testcase classname="ca.mcgill.ecse321.tamas.controller.StudentDepartmentControllerTest" name="testApplyForAJobEmailEmpty" time="0.0" />
  <testcase classname="ca.mcgill.ecse321.tamas.controller.StudentDepartmentControllerTest" name="testDeclineJobOfferNotStudentsJob" time="0.0" />
  <testcase classname="ca.mcgill.ecse321.tamas.controller.StudentDepartmentControllerTest" name="testApplyForAJobPassedDeadline" time="0.0" />
  <testcase classname="ca.mcgill.ecse321.tamas.controller.StudentDepartmentControllerTest" name="testApplyForAJobExperienceNull" time="0.0" />
  <testcase classname="ca.mcgill.ecse321.tamas.controller.StudentDepartmentControllerTest" name="testAcceptJobOfferSuccess" time="0.0" />
  <testcase classname="ca.mcgill.ecse321.tamas.controller.StudentDepartmentControllerTest" name="testViewOwnApplicationSuccess" time="0.0" />
  <testcase classname="ca.mcgill.ecse321.tamas.controller.StudentDepartmentControllerTest" name="testViewOwnEmploymentSuccess" time="0.0" />
  <testcase classname="ca.mcgill.ecse321.tamas.controller.StudentDepartmentControllerTest" name="testApplyForAJobStudentNull" time="0.0" />
  <testcase classname="ca.mcgill.ecse321.tamas.controller.StudentDepartmentControllerTest" name="testCancelApplicationNotStudentApplication" time="0.0" />
  <testcase classname="ca.mcgill.ecse321.tamas.controller.StudentDepartmentControllerTest" name="testApplyForAJobExperienceEmpty" time="0.0" />
  <testcase classname="ca.mcgill.ecse321.tamas.controller.StudentDepartmentControllerTest" name="testCancelApplicationNullApllication" time="0.0" />
  <testcase classname="ca.mcgill.ecse321.tamas.controller.StudentDepartmentControllerTest" name="testApplyForAJobDuplicatePreference" time="0.016" />
  <testcase classname="ca.mcgill.ecse321.tamas.controller.StudentDepartmentControllerTest" name="testDeclineJobOfferSuccess" time="0.0" />
  <testcase classname="ca.mcgill.ecse321.tamas.controller.StudentDepartmentControllerTest" name="testApplyForAJobDuplicateApplication" time="0.0" />
  <testcase classname="ca.mcgill.ecse321.tamas.controller.StudentDepartmentControllerTest" name="testApplyForAJobEmailNull" time="0.0" />
  <testcase classname="ca.mcgill.ecse321.tamas.controller.StudentDepartmentControllerTest" name="testCancelApplicationSuccess" time="0.0" />
  <testcase classname="ca.mcgill.ecse321.tamas.controller.StudentDepartmentControllerTest" name="testApplyForAJobSuccess" time="0.0" />
  <testcase classname="ca.mcgill.ecse321.tamas.controller.StudentDepartmentControllerTest" name="testDeclineJobOfferJobIsNotOffered" time="0.0" />
  <testcase classname="ca.mcgill.ecse321.tamas.controller.InstructorDepartmentControllerTest" name="getApplicationTestNoApplication" time="0.031" />
  <testcase classname="ca.mcgill.ecse321.tamas.controller.InstructorDepartmentControllerTest" name="writeEvaluatuationInstructorNull" time="0.0" />
  <testcase classname="ca.mcgill.ecse321.tamas.controller.InstructorDepartmentControllerTest" name="getApplicationTestNullStudent" time="0.0" />
  <testcase classname="ca.mcgill.ecse321.tamas.controller.InstructorDepartmentControllerTest" name="writeEvaluatuationStudentNull" time="0.0" />
  <testcase classname="ca.mcgill.ecse321.tamas.controller.InstructorDepartmentControllerTest" name="writeEvaluatuationDescriptionEmpty" time="0.0" />
  <testcase classname="ca.mcgill.ecse321.tamas.controller.InstructorDepartmentControllerTest" name="writeEvaluatuationDescriptionNull" time="0.0" />
  <testcase classname="ca.mcgill.ecse321.tamas.controller.InstructorDepartmentControllerTest" name="modifyAllocationTestNoWage" time="0.0" />
  <testcase classname="ca.mcgill.ecse321.tamas.controller.InstructorDepartmentControllerTest" name="writeEvaluatuationSuccess" time="0.016" />
  <testcase classname="ca.mcgill.ecse321.tamas.controller.InstructorDepartmentControllerTest" name="getInstructorPostingTest" time="0.0" />
  <testcase classname="ca.mcgill.ecse321.tamas.controller.InstructorDepartmentControllerTest" name="viewEvaluationNoEvals" time="0.0" />
  <testcase classname="ca.mcgill.ecse321.tamas.controller.InstructorDepartmentControllerTest" name="deleteJobPostingTestNoPosting" time="0.0" />
  <testcase classname="ca.mcgill.ecse321.tamas.controller.InstructorDepartmentControllerTest" name="modifyAllocationTestNoHours" time="0.0" />
  <testcase classname="ca.mcgill.ecse321.tamas.controller.InstructorDepartmentControllerTest" name="viewEvaluationSuccess" time="0.0" />
  <testcase classname="ca.mcgill.ecse321.tamas.controller.InstructorDepartmentControllerTest" name="modifyAllocationTestSuccess" time="0.015" />
  <testcase classname="ca.mcgill.ecse321.tamas.controller.InstructorDepartmentControllerTest" name="getStudentsWithJobsTestSuccess" time="0.0" />
  <testcase classname="ca.mcgill.ecse321.tamas.controller.InstructorDepartmentControllerTest" name="removeInstructorPostingNoInstructor" time="0.0" />
  <testcase classname="ca.mcgill.ecse321.tamas.controller.InstructorDepartmentControllerTest" name="viewEvaluationNoInstructor" time="0.0" />
  <testcase classname="ca.mcgill.ecse321.tamas.controller.InstructorDepartmentControllerTest" name="removeInstructorPostingTest" time="0.0" />
  <testcase classname="ca.mcgill.ecse321.tamas.controller.InstructorDepartmentControllerTest" name="testRejectStudentSuccess" time="0.0" />
  <testcase classname="ca.mcgill.ecse321.tamas.controller.InstructorDepartmentControllerTest" name="getApplicationTestEmptyStudent" time="0.0" />
  <testcase classname="ca.mcgill.ecse321.tamas.controller.InstructorDepartmentControllerTest" name="getApplicationTestSuccess" time="0.0" />
  <testcase classname="ca.mcgill.ecse321.tamas.controller.InstructorDepartmentControllerTest" name="modifyAllocationTestNoPermission" time="0.0" />
  <testcase classname="ca.mcgill.ecse321.tamas.controller.InstructorDepartmentControllerTest" name="getInstructorPostingInstructorNotExisting" time="0.0" />
  <testcase classname="ca.mcgill.ecse321.tamas.controller.InstructorDepartmentControllerTest" name="deleteJobPostingTestSuccess" time="0.0" />
  <testcase classname="ca.mcgill.ecse321.tamas.controller.InstructorDepartmentControllerTest" name="viewEvaluationNoStudent" time="0.0" />
  <testcase classname="ca.mcgill.ecse321.tamas.controller.InstructorDepartmentControllerTest" name="getApprovedStudentsTestSuccess" time="0.0" />
  <testcase classname="ca.mcgill.ecse321.tamas.controller.InstructorDepartmentControllerTest" name="removeInstructorPostingNoPosting" time="0.0" />
  <testcase classname="ca.mcgill.ecse321.tamas.controller.InstructorDepartmentControllerTest" name="modifyAllocationTestNoStudent" time="0.0" />
  <system-out><![CDATA[]]></system-out>
  <system-err><![CDATA[]]></system-err>
</testsuite>
